*** Using Compiler 'V5.06 update 7 (build 960)', folder: 'D:\keil\ARM\ARMCC\Bin'
Build target 'test1'
compiling PID_Test_forC620.c...
..\Control\PID\PID_Test_forC620.c(26): error:  #136: struct "<unnamed>"  has no field "Output_Amper"
      motor->Output_Amper = motor->P_Out + motor->I_out + motor->D_Out;
..\Control\PID\PID_Test_forC620.c(29): error:  #136: struct "<unnamed>"  has no field "Output_Amper"
      motor->Output_Amper = limit(motor->Output_Amper, 10000, -1000);
..\Control\PID\PID_Test_forC620.c(29): error:  #136: struct "<unnamed>"  has no field "Output_Amper"
      motor->Output_Amper = limit(motor->Output_Amper, 10000, -1000);
..\Control\PID\PID_Test_forC620.c(32): error:  #136: struct "<unnamed>"  has no field "Output_Amper"
      return motor->Output_Amper;
..\Control\PID\PID_Test_forC620.c(40): warning:  #940-D: missing return statement at end of non-void function "PIDcal" 
  }
..\Control\PID\PID_Test_forC620.c: 1 warning, 4 errors
"test1\test1.axf" - 4 Error(s), 1 Warning(s).
Target not created.
Build Time Elapsed:  00:00:02
