<html>
<body>
<pre>
<h1>µVision Build Log</h1>
<h2>Tool Versions:</h2>
IDE-Version: ¦ÌVision V5.35.0.0
Copyright (C) 2021 ARM Ltd and ARM Germany GmbH. All rights reserved.
License Information: 1 1677195845@qq.com, 1, LIC=QMZI6-DE7BC-V3BMW-QM0WB-2UWX2-QD4LW
 
Tool Versions:
Toolchain:       DK-ARM Developers Kit  Version: 5.35.0.2
Toolchain Path:  E:\ApplicationDocs\keilCore\ARM\ARMCC\Bin
C Compiler:      Armcc.exe V5.06 update 7 (build 960)
Assembler:       Armasm.exe V5.06 update 7 (build 960)
Linker/Locator:  ArmLink.exe V5.06 update 7 (build 960)
Library Manager: ArmAr.exe V5.06 update 7 (build 960)
Hex Converter:   FromElf.exe V5.06 update 7 (build 960)
CPU DLL:         SARMCM3.DLL V5.35.0.2
Dialog DLL:      DCM.DLL V1.17.3.0
Target DLL:      Segger\JL2CM3.dll V2.99.40.0
Dialog DLL:      TCM.DLL V1.53.0.0
 
<h2>Project:</h2>
C:\Users\16771\Desktop\test1\MDK-ARM\Infantry_2022.uvprojx
Project File Date:  02/20/2022

<h2>Output:</h2>
*** Using Compiler 'V5.06 update 7 (build 960)', folder: 'E:\ApplicationDocs\keilCore\ARM\ARMCC\Bin'
Build target 'Infantry_2022'
assembling startup_stm32f407xx.s...
compiling PID_Test_forC620.c...
..\Control\PID\PID_Test_forC620.c(27): warning:  #940-D: missing return statement at end of non-void function "PID_STOP_Init" 
  }
..\Control\PID\PID_Test_forC620.c: 1 warning, 0 errors
compiling usart.c...
compiling stm32f4xx_hal_msp.c...
compiling RemoteControl.c...
../Core/Inc/SYSConfig.h(30): error:  #5: cannot open source input file "Can1_Receive.h": No such file or directory
  #include "Can1_Receive.h"
..\Control\RemoteControl\RemoteControl.c: 0 warnings, 1 error
compiling gpio.c...
compiling Can1_Receive.c...
../Core/Inc/SYSConfig.h(34): error:  #5: cannot open source input file "Can2_Receive.h": No such file or directory
  #include "Can2_Receive.h"
..\Control\CAN\Can1_Receive.c: 0 warnings, 1 error
compiling can1_ControlMotor.c...
compiling dma.c...
compiling gimbal_behaviour.c...
..\Control\gimbal_behaviour\gimbal_behaviour.c(1): warning:  #1-D: last line of file ends without a newline
  #include "gimbal_behaviour.h"
..\Control\gimbal_behaviour\gimbal_behaviour.c: 1 warning, 0 errors
compiling TIM_LED.c...
compiling can.c...
compiling automatic_strike.c...
..\Control\automatic_strike\automatic_strike.c(1): warning:  #1-D: last line of file ends without a newline
  #include "automatic_strike.h"
..\Control\automatic_strike\automatic_strike.c: 1 warning, 0 errors
compiling spi.c...
compiling main.c...
compiling tim.c...
compiling freertos.c...
compiling filter.c...
..\ALGORITHM\filter.c(1): warning:  #1-D: last line of file ends without a newline
  #include "filter.h"
..\ALGORITHM\filter.c: 1 warning, 0 errors
compiling stm32f4xx_it.c...
compiling maths.c...
../Core/Inc/SYSConfig.h(30): error:  #5: cannot open source input file "Can1_Receive.h": No such file or directory
  #include "Can1_Receive.h"
..\ALGORITHM\maths.c: 0 warnings, 1 error
compiling stm32f4xx_hal_flash.c...
compiling rmmotor.c...
../Core/Inc/SYSConfig.h(30): error:  #5: cannot open source input file "Can1_Receive.h": No such file or directory
  #include "Can1_Receive.h"
..\ALGORITHM\rmmotor.c: 0 warnings, 1 error
compiling stm32f4xx_hal_flash_ex.c...
compiling chassis_behaviour.c...
../Core/Inc/SYSConfig.h(30): error:  #5: cannot open source input file "Can1_Receive.h": No such file or directory
  #include "Can1_Receive.h"
..\Control\chassis_behaviour\chassis_behaviour.c: 0 warnings, 1 error
compiling gimbal_app.c...
../Core/Inc/SYSConfig.h(30): error:  #5: cannot open source input file "Can1_Receive.h": No such file or directory
  #include "Can1_Receive.h"
..\Control\gimbal_app\gimbal_app.c: 0 warnings, 1 error
compiling stm32f4xx_hal_rcc_ex.c...
compiling TASK_Chassis.c...
..\TASK\TASK_Chassis.h(37): error:  #40: expected an identifier
  }Chassis_Mode;
..\TASK\TASK_Chassis.h(42): error:  #20: identifier "CAN_Motor_Measure_Data" is undefined
      const CAN_Motor_Measure_Data *Chassis_Motor_Measured_Data;
..\TASK\TASK_Chassis.h(44): error:  #20: identifier "fp32" is undefined
      fp32 accel; //åŠ é€Ÿåº¦
..\TASK\TASK_Chassis.h(45): error:  #20: identifier "fp32" is undefined
      fp32 speed;
..\TASK\TASK_Chassis.h(46): error:  #20: identifier "fp32" is undefined
      fp32 speed_set;
..\TASK\TASK_Chassis.h(47): error:  #20: identifier "fp32" is undefined
      fp32 position;
..\TASK\TASK_Chassis.h(48): error:  #20: identifier "fp32" is undefined
      fp32 last_position;
..\TASK\TASK_Chassis.h(50): error:  #20: identifier "int16_t" is undefined
      int16_t output;
..\TASK\TASK_Chassis.h(56): error:  #20: identifier "RC_Ctl_t" is undefined
      const RC_Ctl_t *RC_Chassis_Data;    //åº•ç›˜é¥æ§å™¨æ•°æ®æŒ‡é’?
..\TASK\TASK_Chassis.h(60): error:  #20: identifier "PIDTypeDef" is undefined
      PIDTypeDef Chassis_Speed_PID[4];    //åº•ç›˜é€Ÿåº¦PID
..\TASK\TASK_Chassis.h(61): error:  #20: identifier "PIDTypeDef" is undefined
      PIDTypeDef Chassis_location_PID[4]; //åº•ç›˜ä½ç½®ç¯PID
..\TASK\TASK_Chassis.h(63): error:  #20: identifier "Chassis_mode_e" is undefined
      Chassis_mode_e Chassis_Mode;
../Core/Inc/SYSConfig.h(30): error:  #5: cannot open source input file "Can1_Receive.h": No such file or directory
  #include "Can1_Receive.h"
..\TASK\TASK_Chassis.c: 0 warnings, 13 errors
compiling pid.c...
../Core/Inc/SYSConfig.h(30): error:  #5: cannot open source input file "Can1_Receive.h": No such file or directory
  #include "Can1_Receive.h"
..\ALGORITHM\pid.c: 0 warnings, 1 error
compiling stm32f4xx_hal_rcc.c...
compiling chassis_app.c...
..\Control\chassis_app\chassis_app.h(6): error:  #20: identifier "int16_t" is undefined
  void Chassis_app_CAN1_SendMsg(int16_t ESC_201,int16_t ESC_202,int16_t ESC_203,int16_t ESC_204);//é€šè¿‡CAN1å‘é€å››ä¸ªç”µæœºçš„ä¿¡æ¯
..\Control\chassis_app\chassis_app.h(6): error:  #20: identifier "int16_t" is undefined
  void Chassis_app_CAN1_SendMsg(int16_t ESC_201,int16_t ESC_202,int16_t ESC_203,int16_t ESC_204);//é€šè¿‡CAN1å‘é€å››ä¸ªç”µæœºçš„ä¿¡æ¯
..\Control\chassis_app\chassis_app.h(6): error:  #20: identifier "int16_t" is undefined
  void Chassis_app_CAN1_SendMsg(int16_t ESC_201,int16_t ESC_202,int16_t ESC_203,int16_t ESC_204);//é€šè¿‡CAN1å‘é€å››ä¸ªç”µæœºçš„ä¿¡æ¯
..\Control\chassis_app\chassis_app.h(6): error:  #20: identifier "int16_t" is undefined
  void Chassis_app_CAN1_SendMsg(int16_t ESC_201,int16_t ESC_202,int16_t ESC_203,int16_t ESC_204);//é€šè¿‡CAN1å‘é€å››ä¸ªç”µæœºçš„ä¿¡æ¯
..\Control\chassis_app\chassis_app.h(7): error:  #20: identifier "int16_t" is undefined
  void Chassis_app_CAN2_SendMsg(int16_t ESC_201,int16_t ESC_202,int16_t ESC_203,int16_t ESC_204);//é€šè¿‡CAN2å‘é€å››ä¸ªç”µæœºçš„ä¿¡æ¯
..\Control\chassis_app\chassis_app.h(7): error:  #20: identifier "int16_t" is undefined
  void Chassis_app_CAN2_SendMsg(int16_t ESC_201,int16_t ESC_202,int16_t ESC_203,int16_t ESC_204);//é€šè¿‡CAN2å‘é€å››ä¸ªç”µæœºçš„ä¿¡æ¯
..\Control\chassis_app\chassis_app.h(7): error:  #20: identifier "int16_t" is undefined
  void Chassis_app_CAN2_SendMsg(int16_t ESC_201,int16_t ESC_202,int16_t ESC_203,int16_t ESC_204);//é€šè¿‡CAN2å‘é€å››ä¸ªç”µæœºçš„ä¿¡æ¯
..\Control\chassis_app\chassis_app.h(7): error:  #20: identifier "int16_t" is undefined
  void Chassis_app_CAN2_SendMsg(int16_t ESC_201,int16_t ESC_202,int16_t ESC_203,int16_t ESC_204);//é€šè¿‡CAN2å‘é€å››ä¸ªç”µæœºçš„ä¿¡æ¯
..\Control\chassis_app\chassis_app.h(8): error:  #20: identifier "CAN_Motor_Measure_Data" is undefined
  void Chassis_app_YAW_SendMsg(const CAN_Motor_Measure_Data *Can_YAW_Send);//åº•ç›˜å‘é€YAWæ•°æ®åˆ°äº‘å°æ¿
../Core/Inc/SYSConfig.h(30): error:  #5: cannot open source input file "Can1_Receive.h": No such file or directory
  #include "Can1_Receive.h"
..\Control\chassis_app\chassis_app.c: 0 warnings, 10 errors
compiling Can2_Receive.c...
../Core/Inc/SYSConfig.h(30): error:  #5: cannot open source input file "Can1_Receive.h": No such file or directory
  #include "Can1_Receive.h"
..\Control\CAN\Can2_Receive.c: 0 warnings, 1 error
compiling stm32f4xx_hal_flash_ramfunc.c...
compiling stm32f4xx_hal_gpio.c...
compiling stm32f4xx_hal_can.c...
compiling croutine.c...
compiling list.c...
compiling event_groups.c...
compiling queue.c...
compiling stream_buffer.c...
compiling tasks.c...
compiling timers.c...
compiling heap_4.c...
compiling cmsis_os.c...
compiling port.c...
compiling stm32f4xx_hal.c...
compiling stm32f4xx_hal_dma.c...
compiling system_stm32f4xx.c...
compiling stm32f4xx_hal_cortex.c...
compiling stm32f4xx_hal_exti.c...
compiling stm32f4xx_hal_pwr_ex.c...
compiling stm32f4xx_hal_dma_ex.c...
compiling stm32f4xx_hal_pwr.c...
compiling stm32f4xx_hal_spi.c...
compiling stm32f4xx_hal_tim_ex.c...
compiling stm32f4xx_hal_uart.c...
compiling stm32f4xx_hal_tim.c...
"test1\Infantry_2022.axf" - 31 Error(s), 4 Warning(s).

<h2>Software Packages used:</h2>

Package Vendor: ARM
                http://www.keil.com/pack/ARM.CMSIS.5.8.0.pack
                ARM.CMSIS.5.8.0
                CMSIS (Common Microcontroller Software Interface Standard)
   * Component: CORE Version: 5.5.0

Package Vendor: Keil
                http://www.keil.com/pack/Keil.STM32F4xx_DFP.2.15.0.pack
                Keil.STM32F4xx_DFP.2.15.0
                STMicroelectronics STM32F4 Series Device Support, Drivers and Examples

<h2>Collection of Component include folders:</h2>
  .\RTE\_Infantry_2022
  E:\ApplicationDocs\ArmPacks\ARM\CMSIS\5.8.0\CMSIS\Core\Include
  E:\ApplicationDocs\ArmPacks\Keil\STM32F4xx_DFP\2.15.0\Drivers\CMSIS\Device\ST\STM32F4xx\Include

<h2>Collection of Component Files used:</h2>

   * Component: ARM::CMSIS:CORE:5.5.0
Target not created.
Build Time Elapsed:  00:00:14
</pre>
</body>
</html>
